<?xml version="1.0" encoding="UTF-8"?>
<testsuite name="ShiftingCipherTests" tests="1" skipped="0" failures="0" errors="0" timestamp="2021-07-14T10:38:24" hostname="Ekanshs-MacBook-Pro.local" time="0.026">
  <properties/>
  <testcase name="Number 3 itself" classname="ShiftingCipherTests" time="0.026"/>
  <system-out><![CDATA[]]></system-out>
  <system-err><![CDATA[]]></system-err>
</testsuite>
