<?xml version="1.0" encoding="UTF-8"?>
<testsuite name="ShoppingCartTests" tests="5" skipped="0" failures="0" errors="0" timestamp="2021-07-15T20:50:21" hostname="Ekanshs-MacBook-Pro.local" time="0.031">
  <properties/>
  <testcase name="GIVEN an empty cart WHEN adding 3 cookies worth 30 rupees THEN the amount payable must be 90 rupees" classname="ShoppingCartTests" time="0.021"/>
  <testcase name="GIVEN an empty cart WHEN adding 3 cookies worth 30 rupees AND applying discount of 10 percent on each cookie THEN the amount payable must be 81 rupees" classname="ShoppingCartTests" time="0.001"/>
  <testcase name="GIVEN an empty cart WHEN adding 3 cookies worth 30 rupees AND adding 2 noodles worth 50 rupees AND applying discount of 10 percent on each cookie THEN the amount payable must be 81 rupees" classname="ShoppingCartTests" time="0.001"/>
  <testcase name="GIVEN an empty cart WHEN adding 6 cookies worth 30 rupees AND applying buy one get one free offer THEN the amount payable must be 90 rupees" classname="ShoppingCartTests" time="0.001"/>
  <testcase name="GIVEN an empty cart WHEN adding 3 soap bars worth 40 rupees AND applying buy one get one free offer THEN the amount payable must be 80 rupees" classname="ShoppingCartTests" time="0.0"/>
  <system-out><![CDATA[]]></system-out>
  <system-err><![CDATA[]]></system-err>
</testsuite>
