<?xml version="1.0" encoding="UTF-8"?>
<testsuite name="ShoppingCartTests" tests="8" skipped="0" failures="0" errors="0" timestamp="2021-07-19T12:26:24" hostname="Ekanshs-MacBook-Pro.local" time="0.035">
  <properties/>
  <testcase name="GIVEN an empty cart WHEN adding 3 cookies worth 30 rupees THEN the amount payable must be 90 rupees" classname="ShoppingCartTests" time="0.019"/>
  <testcase name="GIVEN an empty cart WHEN adding 3 cookies worth 30 rupees AND applying discount of 10 percent on each cookie THEN the amount payable must be 81 rupees" classname="ShoppingCartTests" time="0.001"/>
  <testcase name="GIVEN an empty cart WHEN adding 3 cookies worth 30 rupees AND adding 2 noodles worth 50 rupees AND applying discount of 10 percent on each cookie THEN the amount payable must be 81 rupees" classname="ShoppingCartTests" time="0.001"/>
  <testcase name="GIVEN an empty cart WHEN adding 6 cookies worth 30 rupees AND applying buy one get one free offer THEN the amount payable must be 90 rupees" classname="ShoppingCartTests" time="0.001"/>
  <testcase name="GIVEN an empty cart WHEN adding 3 soap bars worth 40 rupees AND applying buy one get one free offer THEN the amount payable must be 80 rupees" classname="ShoppingCartTests" time="0.0"/>
  <testcase name="GIVEN an empty cart WHEN adding 2 soap bars worth 50 rupees AND applying discount of 30 percent to the next soap bought after each purchase THEN the amount payable must be 85 rupees" classname="ShoppingCartTests" time="0.001"/>
  <testcase name="GIVEN an empty cart WHEN adding 5 soap bars worth 50 rupees AND applying discount of 30 percent to the next soap bought after each purchase THEN the amount payable must be 220 rupees" classname="ShoppingCartTests" time="0.001"/>
  <testcase name="GIVEN an empty cart WHEN the total amount in cart is more than 500 rupees (Adding 5 soap bars of 60 rupees each, applying ten percent discount on each and 10 cookies worth 50 rupees each )THEN the amount payable must be 731.5 rupees" classname="ShoppingCartTests" time="0.001"/>
  <system-out><![CDATA[]]></system-out>
  <system-err><![CDATA[]]></system-err>
</testsuite>
