<?xml version="1.0" encoding="UTF-8"?>
<testsuite name="FizzBuzzTests" tests="6" skipped="0" failures="0" errors="0" timestamp="2021-07-13T12:33:07" hostname="Ekanshs-MacBook-Pro.local" time="0.024">
  <properties/>
  <testcase name="Number 3 itself" classname="FizzBuzzTests" time="0.014"/>
  <testcase name="Number 5 itself" classname="FizzBuzzTests" time="0.001"/>
  <testcase name="Non valid number" classname="FizzBuzzTests" time="0.0"/>
  <testcase name="Number divisible by 3 (not 5)" classname="FizzBuzzTests" time="0.001"/>
  <testcase name="Number divisible by 5 (not 3)" classname="FizzBuzzTests" time="0.0"/>
  <testcase name="Number divisible by 3 and 5" classname="FizzBuzzTests" time="0.001"/>
  <system-out><![CDATA[]]></system-out>
  <system-err><![CDATA[]]></system-err>
</testsuite>
