<?xml version="1.0" encoding="UTF-8"?>
<testsuite name="ShoppingCartTests" tests="8" skipped="0" failures="1" errors="0" timestamp="2021-07-15T21:29:12" hostname="Ekanshs-MacBook-Pro.local" time="0.041">
  <properties/>
  <testcase name="GIVEN an empty cart WHEN adding 3 cookies worth 30 rupees THEN the amount payable must be 90 rupees" classname="ShoppingCartTests" time="0.017"/>
  <testcase name="GIVEN an empty cart WHEN adding 3 cookies worth 30 rupees AND applying discount of 10 percent on each cookie THEN the amount payable must be 81 rupees" classname="ShoppingCartTests" time="0.001"/>
  <testcase name="GIVEN an empty cart WHEN adding 3 cookies worth 30 rupees AND adding 2 noodles worth 50 rupees AND applying discount of 10 percent on each cookie THEN the amount payable must be 81 rupees" classname="ShoppingCartTests" time="0.001"/>
  <testcase name="GIVEN an empty cart WHEN adding 6 cookies worth 30 rupees AND applying buy one get one free offer THEN the amount payable must be 90 rupees" classname="ShoppingCartTests" time="0.001"/>
  <testcase name="GIVEN an empty cart WHEN adding 3 soap bars worth 40 rupees AND applying buy one get one free offer THEN the amount payable must be 80 rupees" classname="ShoppingCartTests" time="0.0"/>
  <testcase name="GIVEN an empty cart WHEN adding 2 soap bars worth 50 rupees AND applying discount of 30 percent to the next soap bought after each purchase THEN the amount payable must be 85 rupees" classname="ShoppingCartTests" time="0.001"/>
  <testcase name="GIVEN an empty cart WHEN adding 5 soap bars worth 50 rupees AND applying discount of 30 percent to the next soap bought after each purchase THEN the amount payable must be 220 rupees" classname="ShoppingCartTests" time="0.001"/>
  <testcase name="GIVEN an empty cart WHEN the total amount in cart is more than 500 rupees (Adding 5 soap bars of 60 rupees each, applying ten percent discount on each and 10 cookies worth 50 rupees each )THEN the amount payable must be 665 rupees" classname="ShoppingCartTests" time="0.009">
    <failure message="org.opentest4j.AssertionFailedError: expected:&lt;665.0&gt; but was:&lt;731.5&gt;" type="org.opentest4j.AssertionFailedError">org.opentest4j.AssertionFailedError: expected:&lt;665.0&gt; but was:&lt;731.5&gt;
	at ShoppingCartTests$1$8.invokeSuspend(testShoppingCart.kt:52)
	at ShoppingCartTests$1$8.invoke(testShoppingCart.kt)
	at ShoppingCartTests$1$8.invoke(testShoppingCart.kt)
	at io.kotest.core.spec.style.scopes.StringSpecRootContext$invoke$1.invokeSuspend(StringSpecRootContext.kt:66)
	at io.kotest.core.spec.style.scopes.StringSpecRootContext$invoke$1.invoke(StringSpecRootContext.kt)
	at io.kotest.core.spec.style.scopes.StringSpecRootContext$invoke$1.invoke(StringSpecRootContext.kt)
	at io.kotest.core.internal.ExecutionsKt$executeWithBehaviours$2$1.invokeSuspend(executions.kt:13)
	at io.kotest.core.internal.ExecutionsKt$executeWithBehaviours$2$1.invoke(executions.kt)
	at io.kotest.core.internal.ExecutionsKt$executeWithBehaviours$2$1.invoke(executions.kt)
	at io.kotest.core.internal.ExecutionsKt.wrapTestWithGlobalAssert(executions.kt:39)
	at io.kotest.core.internal.ExecutionsKt.access$wrapTestWithGlobalAssert(executions.kt:1)
	at io.kotest.core.internal.ExecutionsKt$executeWithBehaviours$2.invokeSuspend(executions.kt:12)
	at io.kotest.core.internal.ExecutionsKt$executeWithBehaviours$2.invoke(executions.kt)
	at io.kotest.core.internal.ExecutionsKt$executeWithBehaviours$2.invoke(executions.kt)
	at io.kotest.core.internal.ExecutionsKt$wrapTestWithAssertionModeCheck$2.invokeSuspend(executions.kt:25)
	at io.kotest.core.internal.ExecutionsKt$wrapTestWithAssertionModeCheck$2.invoke(executions.kt)
	at io.kotest.core.internal.ExecutionsKt$wrapTestWithAssertionModeCheck$2.invoke(executions.kt)
	at io.kotest.core.internal.AssertionsCheckKt.executeWithAssertionsCheck(assertionsCheck.kt:25)
	at io.kotest.core.internal.ExecutionsKt.wrapTestWithAssertionModeCheck(executions.kt:24)
	at io.kotest.core.internal.ExecutionsKt.executeWithBehaviours(executions.kt:11)
	at io.kotest.core.internal.TestCaseExecutor$executeInScope$2.invokeSuspend(TestCaseExecutor.kt:268)
	at io.kotest.core.internal.TestCaseExecutor$executeInScope$2.invoke(TestCaseExecutor.kt)
	at io.kotest.core.internal.TestCaseExecutor$executeInScope$2.invoke(TestCaseExecutor.kt)
	at kotlinx.coroutines.intrinsics.UndispatchedKt.startUndispatchedOrReturn(Undispatched.kt:89)
	at kotlinx.coroutines.CoroutineScopeKt.coroutineScope(CoroutineScope.kt:264)
	at io.kotest.core.internal.TestCaseExecutor.executeInScope(TestCaseExecutor.kt:262)
	at io.kotest.core.internal.TestCaseExecutor.access$executeInScope(TestCaseExecutor.kt:57)
	at io.kotest.core.internal.TestCaseExecutor$executeAndWait$4$1$1$3$1$1.invokeSuspend(TestCaseExecutor.kt:234)
	at io.kotest.core.internal.TestCaseExecutor$executeAndWait$4$1$1$3$1$1.invoke(TestCaseExecutor.kt)
	at io.kotest.core.internal.TestCaseExecutor$executeAndWait$4$1$1$3$1$1.invoke(TestCaseExecutor.kt)
	at kotlinx.coroutines.intrinsics.UndispatchedKt.startUndispatchedOrReturnIgnoreTimeout(Undispatched.kt:100)
	at kotlinx.coroutines.TimeoutKt.setupTimeout(Timeout.kt:148)
	at kotlinx.coroutines.TimeoutKt.withTimeout(Timeout.kt:44)
	at io.kotest.core.internal.TestCaseExecutor$executeAndWait$4$1$1$3$1.invokeSuspend(TestCaseExecutor.kt:233)
	at io.kotest.core.internal.TestCaseExecutor$executeAndWait$4$1$1$3$1.invoke(TestCaseExecutor.kt)
	at io.kotest.core.internal.TestCaseExecutor$executeAndWait$4$1$1$3$1.invoke(TestCaseExecutor.kt)
	at io.kotest.engine.ExecutorExecutionContext$executeWithTimeoutInterruption$4.invokeSuspend(ExecutorExecutionContext.kt:77)
	at io.kotest.engine.ExecutorExecutionContext$executeWithTimeoutInterruption$4.invoke(ExecutorExecutionContext.kt)
	at io.kotest.engine.ExecutorExecutionContext$executeWithTimeoutInterruption$4.invoke(ExecutorExecutionContext.kt)
	at kotlinx.coroutines.intrinsics.UndispatchedKt.startUndispatchedOrReturn(Undispatched.kt:89)
	at kotlinx.coroutines.BuildersKt__Builders_commonKt.withContext(Builders.common.kt:165)
	at kotlinx.coroutines.BuildersKt.withContext(Unknown Source)
	at io.kotest.engine.ExecutorExecutionContext.executeWithTimeoutInterruption(ExecutorExecutionContext.kt:75)
	at io.kotest.core.internal.TestCaseExecutor$executeAndWait$4$1$1$3.invokeSuspend(TestCaseExecutor.kt:232)
	at io.kotest.core.internal.TestCaseExecutor$executeAndWait$4$1$1$3.invoke(TestCaseExecutor.kt)
	at io.kotest.core.internal.TestCaseExecutor$executeAndWait$4$1$1$3.invoke(TestCaseExecutor.kt)
	at io.kotest.mpp.ReplayKt.replay(replay.kt:18)
	at io.kotest.core.internal.TestCaseExecutor$executeAndWait$4$1$1.invokeSuspend(TestCaseExecutor.kt:227)
	at io.kotest.core.internal.TestCaseExecutor$executeAndWait$4$1$1.invoke(TestCaseExecutor.kt)
	at io.kotest.core.internal.TestCaseExecutor$executeAndWait$4$1$1.invoke(TestCaseExecutor.kt)
	at io.kotest.engine.ExecutorExecutionContext$executeWithTimeoutInterruption$4.invokeSuspend(ExecutorExecutionContext.kt:77)
	at io.kotest.engine.ExecutorExecutionContext$executeWithTimeoutInterruption$4.invoke(ExecutorExecutionContext.kt)
	at io.kotest.engine.ExecutorExecutionContext$executeWithTimeoutInterruption$4.invoke(ExecutorExecutionContext.kt)
	at kotlinx.coroutines.intrinsics.UndispatchedKt.startUndispatchedOrReturn(Undispatched.kt:89)
	at kotlinx.coroutines.BuildersKt__Builders_commonKt.withContext(Builders.common.kt:165)
	at kotlinx.coroutines.BuildersKt.withContext(Unknown Source)
	at io.kotest.engine.ExecutorExecutionContext.executeWithTimeoutInterruption(ExecutorExecutionContext.kt:75)
	at io.kotest.core.internal.TestCaseExecutor$executeAndWait$4$1.invokeSuspend(TestCaseExecutor.kt:220)
	at io.kotest.core.internal.TestCaseExecutor$executeAndWait$4$1.invoke(TestCaseExecutor.kt)
	at io.kotest.core.internal.TestCaseExecutor$executeAndWait$4$1.invoke(TestCaseExecutor.kt)
	at kotlinx.coroutines.intrinsics.UndispatchedKt.startUndispatchedOrReturnIgnoreTimeout(Undispatched.kt:100)
	at kotlinx.coroutines.TimeoutKt.setupTimeout(Timeout.kt:148)
	at kotlinx.coroutines.TimeoutKt.withTimeout(Timeout.kt:44)
	at io.kotest.core.internal.TestCaseExecutor$executeAndWait$4.invokeSuspend(TestCaseExecutor.kt:219)
	at io.kotest.core.internal.TestCaseExecutor$executeAndWait$4.invoke(TestCaseExecutor.kt)
	at io.kotest.core.internal.TestCaseExecutor$executeAndWait$4.invoke(TestCaseExecutor.kt)
	at kotlinx.coroutines.intrinsics.UndispatchedKt.startUndispatchedOrReturn(Undispatched.kt:89)
	at kotlinx.coroutines.SupervisorKt.supervisorScope(Supervisor.kt:57)
	at io.kotest.core.internal.TestCaseExecutor.executeAndWait(TestCaseExecutor.kt:215)
	at io.kotest.core.internal.TestCaseExecutor.invokeTestCase(TestCaseExecutor.kt:184)
	at io.kotest.core.internal.TestCaseExecutor.executeActiveTest(TestCaseExecutor.kt:153)
	at io.kotest.core.internal.TestCaseExecutor.access$executeActiveTest(TestCaseExecutor.kt:57)
	at io.kotest.core.internal.TestCaseExecutor$intercept$innerExecute$1$1.invokeSuspend(TestCaseExecutor.kt:89)
	at io.kotest.core.internal.TestCaseExecutor$intercept$innerExecute$1$1.invoke(TestCaseExecutor.kt)
	at io.kotest.core.internal.TestCaseExecutor$intercept$innerExecute$1$1.invoke(TestCaseExecutor.kt)
	at io.kotest.core.internal.TestCaseExecutor.executeIfEnabled(TestCaseExecutor.kt:117)
	at io.kotest.core.internal.TestCaseExecutor.access$executeIfEnabled(TestCaseExecutor.kt:57)
	at io.kotest.core.internal.TestCaseExecutor$intercept$innerExecute$1.invokeSuspend(TestCaseExecutor.kt:89)
	at io.kotest.core.internal.TestCaseExecutor$intercept$innerExecute$1.invoke(TestCaseExecutor.kt)
	at io.kotest.core.internal.TestCaseExecutor$intercept$innerExecute$1.invoke(TestCaseExecutor.kt)
	at io.kotest.core.internal.TestCaseExecutor.intercept(TestCaseExecutor.kt:103)
	at io.kotest.core.internal.TestCaseExecutor.execute(TestCaseExecutor.kt:69)
	at io.kotest.engine.spec.runners.SingleInstanceSpecRunner.runTest(SingleInstanceSpecRunner.kt:104)
	at io.kotest.engine.spec.runners.SingleInstanceSpecRunner.access$runTest(SingleInstanceSpecRunner.kt:34)
	at io.kotest.engine.spec.runners.SingleInstanceSpecRunner$execute$interceptAndRun$2$4.invokeSuspend(SingleInstanceSpecRunner.kt:57)
	at io.kotest.engine.spec.runners.SingleInstanceSpecRunner$execute$interceptAndRun$2$4.invoke(SingleInstanceSpecRunner.kt)
	at io.kotest.engine.spec.runners.SingleInstanceSpecRunner$execute$interceptAndRun$2$4.invoke(SingleInstanceSpecRunner.kt)
	at io.kotest.engine.launchers.SequentialTestLauncher$launch$3$1$1.invokeSuspend(SequentialTestLauncher.kt:22)
	at kotlin.coroutines.jvm.internal.BaseContinuationImpl.resumeWith(ContinuationImpl.kt:33)
	at kotlinx.coroutines.DispatchedTask.run(DispatchedTask.kt:106)
	at java.base/java.util.concurrent.ThreadPoolExecutor.runWorker(ThreadPoolExecutor.java:1130)
	at java.base/java.util.concurrent.ThreadPoolExecutor$Worker.run(ThreadPoolExecutor.java:630)
	at java.base/java.lang.Thread.run(Thread.java:832)
</failure>
  </testcase>
  <system-out><![CDATA[]]></system-out>
  <system-err><![CDATA[]]></system-err>
</testsuite>
